Monitoring started at Fri Jun 26 03:47:11 PM EDT 2026
Command PID: 1429569
2026-06-26 15:47:11 CPU/MEM:
%CPU %MEM   RSS    VSZ
 0.0  0.0 14464 235872
Phase A: Initializing database...
Found existing database cache with 10 embedded sequences (Model: esmc_300m).
Incremental update: 6980 new sequences detected to embed.
Loading model esmc_300m on cpu...
Fetching 4 files:   0%|          | 0/4 [00:00<?, ?it/s]Fetching 4 files: 100%|██████████| 4/4 [00:00<00:00, 20636.18it/s]
2026-06-26 15:47:41 CPU/MEM:
%CPU %MEM   RSS    VSZ
1510  1.9 2570156 16404676
2026-06-26 15:48:11 CPU/MEM:
%CPU %MEM   RSS    VSZ
1744  2.0 2687116 16534644
2026-06-26 15:48:41 CPU/MEM:
%CPU %MEM   RSS    VSZ
1820  2.1 2781976 16641800
2026-06-26 15:49:11 CPU/MEM:
%CPU %MEM   RSS    VSZ
1858  2.1 2821540 16692332
2026-06-26 15:49:42 CPU/MEM:
%CPU %MEM   RSS    VSZ
1881  2.2 2895096 16776828
2026-06-26 15:50:12 CPU/MEM:
%CPU %MEM   RSS    VSZ
1897  2.5 3287712 17178980
2026-06-26 15:50:42 CPU/MEM:
%CPU %MEM   RSS    VSZ
1908  2.5 3287964 17187940
2026-06-26 15:51:12 CPU/MEM:
%CPU %MEM   RSS    VSZ
1916  2.5 3288212 17196900
2026-06-26 15:51:42 CPU/MEM:
%CPU %MEM   RSS    VSZ
1922  2.5 3346232 17260256
2026-06-26 15:52:12 CPU/MEM:
%CPU %MEM   RSS    VSZ
1920  2.5 3346412 17269728
2026-06-26 15:52:42 CPU/MEM:
%CPU %MEM   RSS    VSZ
1925  2.5 3347268 17275616
2026-06-26 15:53:12 CPU/MEM:
%CPU %MEM   RSS    VSZ
1929  2.5 3347512 17283552
2026-06-26 15:53:42 CPU/MEM:
%CPU %MEM   RSS    VSZ
1934  2.5 3347680 17292512
2026-06-26 15:54:12 CPU/MEM:
%CPU %MEM   RSS    VSZ
1938  2.5 3347848 17301472
2026-06-26 15:54:42 CPU/MEM:
%CPU %MEM   RSS    VSZ
1942  2.7 3580008 17539276
2026-06-26 15:55:13 CPU/MEM:
%CPU %MEM   RSS    VSZ
1945  2.8 3753596 17718632
2026-06-26 15:55:43 CPU/MEM:
%CPU %MEM   RSS    VSZ
1948  2.8 3753780 17724520
2026-06-26 15:56:13 CPU/MEM:
%CPU %MEM   RSS    VSZ
1950  2.8 3753888 17730920
2026-06-26 15:56:43 CPU/MEM:
%CPU %MEM   RSS    VSZ
1952  2.8 3753984 17736296
2026-06-26 15:57:13 CPU/MEM:
%CPU %MEM   RSS    VSZ
1954  2.8 3726208 17712148
2026-06-26 15:57:43 CPU/MEM:
%CPU %MEM   RSS    VSZ
1956  2.8 3726292 17715732
2026-06-26 15:58:13 CPU/MEM:
%CPU %MEM   RSS    VSZ
1955  2.8 3726376 17720340
2026-06-26 15:58:43 CPU/MEM:
%CPU %MEM   RSS    VSZ
1956  2.8 3726436 17724180
2026-06-26 15:59:13 CPU/MEM:
%CPU %MEM   RSS    VSZ
1958  2.9 3894936 17896324
2026-06-26 15:59:43 CPU/MEM:
%CPU %MEM   RSS    VSZ
1959  2.9 3895020 17898884
2026-06-26 16:00:13 CPU/MEM:
%CPU %MEM   RSS    VSZ
1960  2.9 3895076 17901956
2026-06-26 16:00:43 CPU/MEM:
%CPU %MEM   RSS    VSZ
1962  2.9 3895160 17906820
2026-06-26 16:01:14 CPU/MEM:
%CPU %MEM   RSS    VSZ
1963  2.9 3895240 17910916
2026-06-26 16:01:44 CPU/MEM:
%CPU %MEM   RSS    VSZ
1964  2.9 3895308 17914756
2026-06-26 16:02:14 CPU/MEM:
%CPU %MEM   RSS    VSZ
1965  2.9 3877432 17899260
2026-06-26 16:02:44 CPU/MEM:
%CPU %MEM   RSS    VSZ
1965  3.0 3990888 18016368
2026-06-26 16:03:14 CPU/MEM:
%CPU %MEM   RSS    VSZ
1966  3.1 4124140 18151628
2026-06-26 16:03:44 CPU/MEM:
%CPU %MEM   RSS    VSZ
1967  3.1 4155560 18185056
2026-06-26 16:04:14 CPU/MEM:
%CPU %MEM   RSS    VSZ
1966  3.1 4155620 18188896
2026-06-26 16:04:44 CPU/MEM:
%CPU %MEM   RSS    VSZ
1967  3.1 4155672 18191712
2026-06-26 16:05:14 CPU/MEM:
%CPU %MEM   RSS    VSZ
1967  3.2 4260768 18298580
2026-06-26 16:05:44 CPU/MEM:
%CPU %MEM   RSS    VSZ
1968  3.2 4260812 18301396
2026-06-26 16:06:14 CPU/MEM:
%CPU %MEM   RSS    VSZ
1969  3.2 4260844 18303444
2026-06-26 16:06:44 CPU/MEM:
%CPU %MEM   RSS    VSZ
1969  3.2 4233356 18277340
2026-06-26 16:07:15 CPU/MEM:
%CPU %MEM   RSS    VSZ
1970  3.3 4402688 18448060
2026-06-26 16:07:45 CPU/MEM:
%CPU %MEM   RSS    VSZ
1970  3.3 4402728 18450620
2026-06-26 16:08:15 CPU/MEM:
%CPU %MEM   RSS    VSZ
1971  3.3 4402748 18451900
2026-06-26 16:08:45 CPU/MEM:
%CPU %MEM   RSS    VSZ
1971  3.3 4402776 18453436
2026-06-26 16:09:15 CPU/MEM:
%CPU %MEM   RSS    VSZ
1972  3.3 4402804 18455228
2026-06-26 16:09:45 CPU/MEM:
%CPU %MEM   RSS    VSZ
1972  3.4 4536464 18590012
2026-06-26 16:10:15 CPU/MEM:
%CPU %MEM   RSS    VSZ
1971  3.5 4598836 18653772
2026-06-26 16:10:45 CPU/MEM:
%CPU %MEM   RSS    VSZ
1972  3.5 4598872 18655820
2026-06-26 16:11:15 CPU/MEM:
%CPU %MEM   RSS    VSZ
1972  3.5 4599016 18656844
2026-06-26 16:11:45 CPU/MEM:
%CPU %MEM   RSS    VSZ
1972  3.5 4599040 18658124
2026-06-26 16:12:15 CPU/MEM:
%CPU %MEM   RSS    VSZ
1973  3.5 4599076 18660428
2026-06-26 16:12:45 CPU/MEM:
%CPU %MEM   RSS    VSZ
1973  3.5 4599112 18662476
2026-06-26 16:13:16 CPU/MEM:
%CPU %MEM   RSS    VSZ
1974  3.5 4653092 18717716
2026-06-26 16:13:46 CPU/MEM:
%CPU %MEM   RSS    VSZ
1974  3.5 4653116 18719252
2026-06-26 16:14:16 CPU/MEM:
%CPU %MEM   RSS    VSZ
1974  3.5 4653144 18721044
2026-06-26 16:14:46 CPU/MEM:
%CPU %MEM   RSS    VSZ
1975  3.5 4653156 18721812
2026-06-26 16:15:16 CPU/MEM:
%CPU %MEM   RSS    VSZ
1975  3.5 4653180 18723348
2026-06-26 16:15:46 CPU/MEM:
%CPU %MEM   RSS    VSZ
1974  3.6 4791764 18863484
2026-06-26 16:16:16 CPU/MEM:
%CPU %MEM   RSS    VSZ
1974  3.6 4791804 18865788
2026-06-26 16:16:46 CPU/MEM:
%CPU %MEM   RSS    VSZ
1975  3.6 4791820 18866812
2026-06-26 16:17:16 CPU/MEM:
%CPU %MEM   RSS    VSZ
1975  3.6 4791832 18867580
2026-06-26 16:17:46 CPU/MEM:
%CPU %MEM   RSS    VSZ
1975  3.6 4791848 18868604
2026-06-26 16:18:16 CPU/MEM:
%CPU %MEM   RSS    VSZ
1976  3.6 4791872 18869884
2026-06-26 16:18:47 CPU/MEM:
%CPU %MEM   RSS    VSZ
1976  3.6 4791876 18870140
2026-06-26 16:19:17 CPU/MEM:
%CPU %MEM   RSS    VSZ
1976  3.6 4792088 18870140
2026-06-26 16:19:47 CPU/MEM:
%CPU %MEM   RSS    VSZ
1976  3.6 4803564 18881700
2026-06-26 16:20:17 CPU/MEM:
%CPU %MEM   RSS    VSZ
1977  3.6 4803568 18881700
2026-06-26 16:20:47 CPU/MEM:
%CPU %MEM   RSS    VSZ
1977  4.0 5332428 19410000
2026-06-26 16:21:17 CPU/MEM:
%CPU %MEM   RSS    VSZ
1977  4.0 5332428 19410000
2026-06-26 16:21:47 CPU/MEM:
%CPU %MEM   RSS    VSZ
1976  4.0 5332428 19410000
2026-06-26 16:22:17 CPU/MEM:
%CPU %MEM   RSS    VSZ
1976  4.0 5332428 19410000
2026-06-26 16:22:47 CPU/MEM:
%CPU %MEM   RSS    VSZ
1977  4.0 5332428 19410000
2026-06-26 16:23:17 CPU/MEM:
%CPU %MEM   RSS    VSZ
1977  4.0 5332428 19410000
2026-06-26 16:23:47 CPU/MEM:
%CPU %MEM   RSS    VSZ
1977  4.0 5332428 19410000
2026-06-26 16:24:17 CPU/MEM:
%CPU %MEM   RSS    VSZ
1977  4.0 5332432 19410000
2026-06-26 16:24:48 CPU/MEM:
%CPU %MEM   RSS    VSZ
1978  4.0 5332432 19410000
2026-06-26 16:25:18 CPU/MEM:
%CPU %MEM   RSS    VSZ
1978  4.0 5332436 19410000
2026-06-26 16:25:48 CPU/MEM:
%CPU %MEM   RSS    VSZ
1978  4.0 5332440 19410000
2026-06-26 16:26:18 CPU/MEM:
%CPU %MEM   RSS    VSZ
1978  4.0 5332476 19410000
2026-06-26 16:26:48 CPU/MEM:
%CPU %MEM   RSS    VSZ
1978  4.0 5332476 19410000
2026-06-26 16:27:18 CPU/MEM:
%CPU %MEM   RSS    VSZ
1978  4.0 5332476 19410000
2026-06-26 16:27:48 CPU/MEM:
%CPU %MEM   RSS    VSZ
1978  4.0 5332480 19410000
2026-06-26 16:28:18 CPU/MEM:
%CPU %MEM   RSS    VSZ
1979  4.0 5332480 19410000
2026-06-26 16:28:48 CPU/MEM:
%CPU %MEM   RSS    VSZ
1978  4.0 5332480 19410000
2026-06-26 16:29:18 CPU/MEM:
%CPU %MEM   RSS    VSZ
1978  4.0 5332480 19410000
2026-06-26 16:29:48 CPU/MEM:
%CPU %MEM   RSS    VSZ
1978  4.0 5332480 19410000
2026-06-26 16:30:18 CPU/MEM:
%CPU %MEM   RSS    VSZ
1979  4.0 5332480 19410000
2026-06-26 16:30:48 CPU/MEM:
%CPU %MEM   RSS    VSZ
1979  4.0 5332480 19410000
2026-06-26 16:31:18 CPU/MEM:
%CPU %MEM   RSS    VSZ
1979  4.0 5332484 19410000
Embedding 6980 new sequences...
  Processed batch 5/873 (40/6980 sequences)...
  Processed batch 10/873 (80/6980 sequences)...
  Processed batch 15/873 (120/6980 sequences)...
  Processed batch 20/873 (160/6980 sequences)...
  Processed batch 25/873 (200/6980 sequences)...
  Processed batch 30/873 (240/6980 sequences)...
  Processed batch 35/873 (280/6980 sequences)...
  Processed batch 40/873 (320/6980 sequences)...
  Processed batch 45/873 (360/6980 sequences)...
  Processed batch 50/873 (400/6980 sequences)...
  Processed batch 55/873 (440/6980 sequences)...
  Processed batch 60/873 (480/6980 sequences)...
  Processed batch 65/873 (520/6980 sequences)...
  Processed batch 70/873 (560/6980 sequences)...
  Processed batch 75/873 (600/6980 sequences)...
  Processed batch 80/873 (640/6980 sequences)...
  Processed batch 85/873 (680/6980 sequences)...
  Processed batch 90/873 (720/6980 sequences)...
  Processed batch 95/873 (760/6980 sequences)...
  Processed batch 100/873 (800/6980 sequences)...
  Processed batch 105/873 (840/6980 sequences)...
  Processed batch 110/873 (880/6980 sequences)...
  Processed batch 115/873 (920/6980 sequences)...
  Processed batch 120/873 (960/6980 sequences)...
  Processed batch 125/873 (1000/6980 sequences)...
  Processed batch 130/873 (1040/6980 sequences)...
  Processed batch 135/873 (1080/6980 sequences)...
  Processed batch 140/873 (1120/6980 sequences)...
  Processed batch 145/873 (1160/6980 sequences)...
  Processed batch 150/873 (1200/6980 sequences)...
  Processed batch 155/873 (1240/6980 sequences)...
  Processed batch 160/873 (1280/6980 sequences)...
  Processed batch 165/873 (1320/6980 sequences)...
  Processed batch 170/873 (1360/6980 sequences)...
  Processed batch 175/873 (1400/6980 sequences)...
  Processed batch 180/873 (1440/6980 sequences)...
  Processed batch 185/873 (1480/6980 sequences)...
  Processed batch 190/873 (1520/6980 sequences)...
  Processed batch 195/873 (1560/6980 sequences)...
  Processed batch 200/873 (1600/6980 sequences)...
  Processed batch 205/873 (1640/6980 sequences)...
  Processed batch 210/873 (1680/6980 sequences)...
  Processed batch 215/873 (1720/6980 sequences)...
  Processed batch 220/873 (1760/6980 sequences)...
  Processed batch 225/873 (1800/6980 sequences)...
  Processed batch 230/873 (1840/6980 sequences)...
  Processed batch 235/873 (1880/6980 sequences)...
  Processed batch 240/873 (1920/6980 sequences)...
  Processed batch 245/873 (1960/6980 sequences)...
  Processed batch 250/873 (2000/6980 sequences)...
  Processed batch 255/873 (2040/6980 sequences)...
  Processed batch 260/873 (2080/6980 sequences)...
  Processed batch 265/873 (2120/6980 sequences)...
  Processed batch 270/873 (2160/6980 sequences)...
  Processed batch 275/873 (2200/6980 sequences)...
  Processed batch 280/873 (2240/6980 sequences)...
  Processed batch 285/873 (2280/6980 sequences)...
  Processed batch 290/873 (2320/6980 sequences)...
  Processed batch 295/873 (2360/6980 sequences)...
  Processed batch 300/873 (2400/6980 sequences)...
  Processed batch 305/873 (2440/6980 sequences)...
  Processed batch 310/873 (2480/6980 sequences)...
  Processed batch 315/873 (2520/6980 sequences)...
  Processed batch 320/873 (2560/6980 sequences)...
  Processed batch 325/873 (2600/6980 sequences)...
  Processed batch 330/873 (2640/6980 sequences)...
  Processed batch 335/873 (2680/6980 sequences)...
  Processed batch 340/873 (2720/6980 sequences)...
  Processed batch 345/873 (2760/6980 sequences)...
  Processed batch 350/873 (2800/6980 sequences)...
  Processed batch 355/873 (2840/6980 sequences)...
  Processed batch 360/873 (2880/6980 sequences)...
  Processed batch 365/873 (2920/6980 sequences)...
  Processed batch 370/873 (2960/6980 sequences)...
  Processed batch 375/873 (3000/6980 sequences)...
  Processed batch 380/873 (3040/6980 sequences)...
  Processed batch 385/873 (3080/6980 sequences)...
  Processed batch 390/873 (3120/6980 sequences)...
  Processed batch 395/873 (3160/6980 sequences)...
  Processed batch 400/873 (3200/6980 sequences)...
  Processed batch 405/873 (3240/6980 sequences)...
  Processed batch 410/873 (3280/6980 sequences)...
  Processed batch 415/873 (3320/6980 sequences)...
  Processed batch 420/873 (3360/6980 sequences)...
  Processed batch 425/873 (3400/6980 sequences)...
  Processed batch 430/873 (3440/6980 sequences)...
  Processed batch 435/873 (3480/6980 sequences)...
  Processed batch 440/873 (3520/6980 sequences)...
  Processed batch 445/873 (3560/6980 sequences)...
  Processed batch 450/873 (3600/6980 sequences)...
  Processed batch 455/873 (3640/6980 sequences)...
  Processed batch 460/873 (3680/6980 sequences)...
  Processed batch 465/873 (3720/6980 sequences)...
  Processed batch 470/873 (3760/6980 sequences)...
  Processed batch 475/873 (3800/6980 sequences)...
  Processed batch 480/873 (3840/6980 sequences)...
  Processed batch 485/873 (3880/6980 sequences)...
  Processed batch 490/873 (3920/6980 sequences)...
  Processed batch 495/873 (3960/6980 sequences)...
  Processed batch 500/873 (4000/6980 sequences)...
  Processed batch 505/873 (4040/6980 sequences)...
  Processed batch 510/873 (4080/6980 sequences)...
  Processed batch 515/873 (4120/6980 sequences)...
  Processed batch 520/873 (4160/6980 sequences)...
  Processed batch 525/873 (4200/6980 sequences)...
  Processed batch 530/873 (4240/6980 sequences)...
  Processed batch 535/873 (4280/6980 sequences)...
  Processed batch 540/873 (4320/6980 sequences)...
  Processed batch 545/873 (4360/6980 sequences)...
  Processed batch 550/873 (4400/6980 sequences)...
  Processed batch 555/873 (4440/6980 sequences)...
  Processed batch 560/873 (4480/6980 sequences)...
  Processed batch 565/873 (4520/6980 sequences)...
  Processed batch 570/873 (4560/6980 sequences)...
  Processed batch 575/873 (4600/6980 sequences)...
  Processed batch 580/873 (4640/6980 sequences)...
  Processed batch 585/873 (4680/6980 sequences)...
  Processed batch 590/873 (4720/6980 sequences)...
  Processed batch 595/873 (4760/6980 sequences)...
  Processed batch 600/873 (4800/6980 sequences)...
  Processed batch 605/873 (4840/6980 sequences)...
  Processed batch 610/873 (4880/6980 sequences)...
  Processed batch 615/873 (4920/6980 sequences)...
  Processed batch 620/873 (4960/6980 sequences)...
  Processed batch 625/873 (5000/6980 sequences)...
  Processed batch 630/873 (5040/6980 sequences)...
  Processed batch 635/873 (5080/6980 sequences)...
  Processed batch 640/873 (5120/6980 sequences)...
  Processed batch 645/873 (5160/6980 sequences)...
  Processed batch 650/873 (5200/6980 sequences)...
  Processed batch 655/873 (5240/6980 sequences)...
  Processed batch 660/873 (5280/6980 sequences)...
  Processed batch 665/873 (5320/6980 sequences)...
  Processed batch 670/873 (5360/6980 sequences)...
  Processed batch 675/873 (5400/6980 sequences)...
  Processed batch 680/873 (5440/6980 sequences)...
  Processed batch 685/873 (5480/6980 sequences)...
  Processed batch 690/873 (5520/6980 sequences)...
  Processed batch 695/873 (5560/6980 sequences)...
  Processed batch 700/873 (5600/6980 sequences)...
  Processed batch 705/873 (5640/6980 sequences)...
  Processed batch 710/873 (5680/6980 sequences)...
  Processed batch 715/873 (5720/6980 sequences)...
  Processed batch 720/873 (5760/6980 sequences)...
  Processed batch 725/873 (5800/6980 sequences)...
  Processed batch 730/873 (5840/6980 sequences)...
  Processed batch 735/873 (5880/6980 sequences)...
  Processed batch 740/873 (5920/6980 sequences)...
  Processed batch 745/873 (5960/6980 sequences)...
  Processed batch 750/873 (6000/6980 sequences)...
  Processed batch 755/873 (6040/6980 sequences)...
  Processed batch 760/873 (6080/6980 sequences)...
  Processed batch 765/873 (6120/6980 sequences)...
  Processed batch 770/873 (6160/6980 sequences)...
  Processed batch 775/873 (6200/6980 sequences)...
  Processed batch 780/873 (6240/6980 sequences)...
  Processed batch 785/873 (6280/6980 sequences)...
  Processed batch 790/873 (6320/6980 sequences)...
  Processed batch 795/873 (6360/6980 sequences)...
  Processed batch 800/873 (6400/6980 sequences)...
  Processed batch 805/873 (6440/6980 sequences)...2026-06-26 16:31:48 CPU/MEM:
%CPU %MEM   RSS    VSZ
1979  4.0 5332484 19410000
2026-06-26 16:32:18 CPU/MEM:
%CPU %MEM   RSS    VSZ
1979  4.0 5332484 19410000
2026-06-26 16:32:49 CPU/MEM:
%CPU %MEM   RSS    VSZ
1979  4.0 5332488 19410000
2026-06-26 16:33:19 CPU/MEM:
%CPU %MEM   RSS    VSZ
1980  4.0 5332488 19410000
2026-06-26 16:33:49 CPU/MEM:
%CPU %MEM   RSS    VSZ
1980  4.0 5361540 19439180
2026-06-26 16:34:19 CPU/MEM:
%CPU %MEM   RSS    VSZ
1980  4.0 5332488 19410000
2026-06-26 16:34:49 CPU/MEM:
%CPU %MEM   RSS    VSZ
1980  4.0 5332488 19410000
2026-06-26 16:35:19 CPU/MEM:
%CPU %MEM   RSS    VSZ
1980  4.0 5332492 19410000

  Processed batch 810/873 (6480/6980 sequences)...
  Processed batch 815/873 (6520/6980 sequences)...
  Processed batch 820/873 (6560/6980 sequences)...
  Processed batch 825/873 (6600/6980 sequences)...
  Processed batch 830/873 (6640/6980 sequences)...
  Processed batch 835/873 (6680/6980 sequences)...
  Processed batch 840/873 (6720/6980 sequences)...
  Processed batch 845/873 (6760/6980 sequences)...
  Processed batch 850/873 (6800/6980 sequences)...
  Processed batch 855/873 (6840/6980 sequences)...
  Processed batch 860/873 (6880/6980 sequences)...
  Processed batch 865/873 (6920/6980 sequences)...
  Processed batch 870/873 (6960/6980 sequences)...
  Processed batch 873/873 (6980/6980 sequences)...
Building FAISS index with 6990 sequences...
Initialization complete. Total database size: 6990 sequences. Files saved in 'blastdb'.
Command finished at Fri Jun 26 04:35:49 PM EDT 2026
