Monitoring started at Fri Jun 26 01:57:19 PM EDT 2026
Command PID: 1282512
2026-06-26 13:57:19 CPU/MEM:
%CPU %MEM   RSS    VSZ
 0.0  0.0 14032 235868
Phase A: Initializing database...
Found existing database cache with 10 embedded sequences (Model: esmc_300m).
Incremental update: 6980 new sequences detected to embed.
Loading model esmc_300m on cpu...
Fetching 4 files:   0%|          | 0/4 [00:00<?, ?it/s]Fetching 4 files: 100%|██████████| 4/4 [00:00<00:00, 90.00it/s]
2026-06-26 13:57:49 CPU/MEM:
%CPU %MEM   RSS    VSZ
1234  2.1 2833172 16668760
2026-06-26 13:58:20 CPU/MEM:
%CPU %MEM   RSS    VSZ
1612  2.2 2893676 16747244
2026-06-26 13:58:50 CPU/MEM:
%CPU %MEM   RSS    VSZ
1740  2.3 3042076 16912540
2026-06-26 13:59:20 CPU/MEM:
%CPU %MEM   RSS    VSZ
1804  2.6 3427068 17312064
2026-06-26 13:59:50 CPU/MEM:
%CPU %MEM   RSS    VSZ
1842  2.6 3427480 17326144
2026-06-26 14:00:20 CPU/MEM:
%CPU %MEM   RSS    VSZ
1868  2.6 3430832 17423116
2026-06-26 14:00:50 CPU/MEM:
%CPU %MEM   RSS    VSZ
1886  2.6 3416148 17334852
2026-06-26 14:01:20 CPU/MEM:
%CPU %MEM   RSS    VSZ
1900  2.6 3416348 17344068
2026-06-26 14:01:50 CPU/MEM:
%CPU %MEM   RSS    VSZ
1910  2.6 3457828 17396620
2026-06-26 14:02:20 CPU/MEM:
%CPU %MEM   RSS    VSZ
1912  2.6 3490668 17440876
2026-06-26 14:02:50 CPU/MEM:
%CPU %MEM   RSS    VSZ
1920  2.6 3518492 17476488
2026-06-26 14:03:20 CPU/MEM:
%CPU %MEM   RSS    VSZ
1926  2.6 3535460 17501376
2026-06-26 14:03:50 CPU/MEM:
%CPU %MEM   RSS    VSZ
1932  2.6 3535680 17508800
2026-06-26 14:04:20 CPU/MEM:
%CPU %MEM   RSS    VSZ
1936  2.6 3535812 17516224
2026-06-26 14:04:50 CPU/MEM:
%CPU %MEM   RSS    VSZ
1940  2.7 3559932 17545232
2026-06-26 14:05:20 CPU/MEM:
%CPU %MEM   RSS    VSZ
1944  2.7 3645388 17635228
2026-06-26 14:05:50 CPU/MEM:
%CPU %MEM   RSS    VSZ
1947  2.7 3592160 17587532
2026-06-26 14:06:20 CPU/MEM:
%CPU %MEM   RSS    VSZ
1949  2.7 3592256 17592652
2026-06-26 14:06:51 CPU/MEM:
%CPU %MEM   RSS    VSZ
1952  2.8 3782804 17785964
2026-06-26 14:07:21 CPU/MEM:
%CPU %MEM   RSS    VSZ
1954  2.8 3782880 17790060
2026-06-26 14:07:51 CPU/MEM:
%CPU %MEM   RSS    VSZ
1956  2.8 3782988 17795948
2026-06-26 14:08:21 CPU/MEM:
%CPU %MEM   RSS    VSZ
1958  2.8 3783076 17800300
2026-06-26 14:08:51 CPU/MEM:
%CPU %MEM   RSS    VSZ
1959  2.8 3783148 17804396
2026-06-26 14:09:21 CPU/MEM:
%CPU %MEM   RSS    VSZ
1961  2.9 3832808 17858088
2026-06-26 14:09:51 CPU/MEM:
%CPU %MEM   RSS    VSZ
1962  2.9 3832864 17861160
2026-06-26 14:10:21 CPU/MEM:
%CPU %MEM   RSS    VSZ
1964  2.9 3832912 17864232
2026-06-26 14:10:51 CPU/MEM:
%CPU %MEM   RSS    VSZ
1965  2.9 3832968 17867816
2026-06-26 14:11:21 CPU/MEM:
%CPU %MEM   RSS    VSZ
1964  2.9 3833028 17871400
2026-06-26 14:11:51 CPU/MEM:
%CPU %MEM   RSS    VSZ
1965  2.9 3921104 17961996
2026-06-26 14:12:21 CPU/MEM:
%CPU %MEM   RSS    VSZ
1966  2.9 3921148 17964556
2026-06-26 14:12:51 CPU/MEM:
%CPU %MEM   RSS    VSZ
1967  2.9 3918676 17963716
2026-06-26 14:13:21 CPU/MEM:
%CPU %MEM   RSS    VSZ
1967  2.9 3918708 17965764
2026-06-26 14:13:51 CPU/MEM:
%CPU %MEM   RSS    VSZ
1968  2.9 3918744 17968068
2026-06-26 14:14:21 CPU/MEM:
%CPU %MEM   RSS    VSZ
1969  2.9 3918780 17970116
2026-06-26 14:14:51 CPU/MEM:
%CPU %MEM   RSS    VSZ
1970  3.0 3952404 18005632
2026-06-26 14:15:22 CPU/MEM:
%CPU %MEM   RSS    VSZ
1970  3.0 3952416 18006400
2026-06-26 14:15:52 CPU/MEM:
%CPU %MEM   RSS    VSZ
1971  3.0 3952440 18007680
